app/build/intermediates/manifest_merge_blame_file/debug/manifest-merger-blame-debug-report.txt
1<?xml version="1.0" encoding="utf-8"?>
2<manifest xmlns:android="http://schemas.android.com/apk/res/android"
3    package="com.geurimsoft.bokangnew"
4    android:versionCode="100"
5    android:versionName="1.0.0" >
6
7    <uses-sdk
8        android:minSdkVersion="14"
8-->src\main\AndroidManifest.xml
9        android:targetSdkVersion="28" />
9-->src\main\AndroidManifest.xml
10
11    <uses-permission android:name="android.permission.INTERNET" />
11-->src\main\AndroidManifest.xml:7:5-67
11-->src\main\AndroidManifest.xml:7:22-64
12    <uses-permission android:name="android.permission.ACCESS_NETWORK_STATE" />
12-->src\main\AndroidManifest.xml:8:5-79
12-->src\main\AndroidManifest.xml:8:22-76
13
14    <application
14-->src\main\AndroidManifest.xml:10:5-73:19
15        android:allowBackup="true"
15-->src\main\AndroidManifest.xml:11:9-35
16        android:appComponentFactory="android.support.v4.app.CoreComponentFactory"
16-->[com.android.support:support-compat:28.0.0] AndroidManifest.xml:22:18-91
17        android:debuggable="true"
18        android:icon="@drawable/ic_launcher"
18-->src\main\AndroidManifest.xml:12:9-45
19        android:label="@string/app_name"
19-->src\main\AndroidManifest.xml:13:9-41
20        android:networkSecurityConfig="@xml/network_security_config"
20-->src\main\AndroidManifest.xml:15:9-69
21        android:testOnly="true"
22        android:theme="@android:style/Theme.Black.NoTitleBar.Fullscreen" >
22-->src\main\AndroidManifest.xml:14:9-73
23        <activity
23-->src\main\AndroidManifest.xml:17:9-26:20
24            android:name="com.geurimsoft.bokangnew.AppMain"
24-->src\main\AndroidManifest.xml:18:13-36
25            android:label="@string/app_name"
25-->src\main\AndroidManifest.xml:19:13-45
26            android:screenOrientation="portrait" >
26-->src\main\AndroidManifest.xml:20:13-49
27            <intent-filter>
27-->src\main\AndroidManifest.xml:21:13-25:29
28                <action android:name="android.intent.action.MAIN" />
28-->src\main\AndroidManifest.xml:22:17-69
28-->src\main\AndroidManifest.xml:22:25-66
29
30                <category android:name="android.intent.category.LAUNCHER" />
30-->src\main\AndroidManifest.xml:24:17-77
30-->src\main\AndroidManifest.xml:24:27-74
31            </intent-filter>
32        </activity>
33        <activity
33-->src\main\AndroidManifest.xml:27:9-31:20
34            android:name="com.geurimsoft.bokangnew.CCTVMain"
34-->src\main\AndroidManifest.xml:28:13-37
35            android:label="@string/app_name"
35-->src\main\AndroidManifest.xml:29:13-45
36            android:screenOrientation="landscape" >
36-->src\main\AndroidManifest.xml:30:13-50
37        </activity>
38        <activity
38-->src\main\AndroidManifest.xml:32:9-36:20
39            android:name="com.geurimsoft.bokangnew.AppSetting"
39-->src\main\AndroidManifest.xml:33:13-39
40            android:label="@string/app_name"
40-->src\main\AndroidManifest.xml:34:13-45
41            android:screenOrientation="portrait" >
41-->src\main\AndroidManifest.xml:35:13-49
42        </activity>
43        <activity
43-->src\main\AndroidManifest.xml:37:9-40:20
44            android:name="com.geurimsoft.bokangnew.StatView01"
44-->src\main\AndroidManifest.xml:38:13-39
45            android:label="@string/app_name" >
45-->src\main\AndroidManifest.xml:39:13-45
46        </activity>
47        <activity
47-->src\main\AndroidManifest.xml:41:9-46:20
48            android:name="com.geurimsoft.bokangnew.YonginTabActivity"
48-->src\main\AndroidManifest.xml:42:13-46
49            android:configChanges="orientation|screenSize|keyboardHidden"
49-->src\main\AndroidManifest.xml:45:13-74
50            android:label="@string/app_name"
50-->src\main\AndroidManifest.xml:43:13-45
51            android:theme="@android:style/Theme.Holo.Light.DarkActionBar" >
51-->src\main\AndroidManifest.xml:44:13-74
52        </activity>
53        <activity
53-->src\main\AndroidManifest.xml:47:9-52:20
54            android:name="com.geurimsoft.bokangnew.JoomyungTabActivity"
54-->src\main\AndroidManifest.xml:48:13-48
55            android:configChanges="orientation|screenSize|keyboardHidden"
55-->src\main\AndroidManifest.xml:51:13-74
56            android:label="@string/app_name"
56-->src\main\AndroidManifest.xml:49:13-45
57            android:theme="@android:style/Theme.Holo.Light.DarkActionBar" >
57-->src\main\AndroidManifest.xml:50:13-74
58        </activity>
59        <activity
59-->src\main\AndroidManifest.xml:54:9-57:20
60            android:name="com.geurimsoft.bokangnew.TestStatistic"
60-->src\main\AndroidManifest.xml:55:13-42
61            android:label="@string/app_name" >
61-->src\main\AndroidManifest.xml:56:13-45
62        </activity>
63        <activity
63-->src\main\AndroidManifest.xml:58:9-63:20
64            android:name="com.geurimsoft.bokangnew.GwangjuTabActivity"
64-->src\main\AndroidManifest.xml:59:13-47
65            android:configChanges="orientation|screenSize|keyboardHidden"
65-->src\main\AndroidManifest.xml:62:13-74
66            android:label="@string/app_name"
66-->src\main\AndroidManifest.xml:60:13-45
67            android:theme="@android:style/Theme.Holo.Light.DarkActionBar" >
67-->src\main\AndroidManifest.xml:61:13-74
68        </activity>
69        <activity
69-->src\main\AndroidManifest.xml:64:9-69:20
70            android:name="com.geurimsoft.bokangnew.TotalTabActivity"
70-->src\main\AndroidManifest.xml:65:13-45
71            android:configChanges="orientation|screenSize|keyboardHidden"
71-->src\main\AndroidManifest.xml:68:13-74
72            android:label="@string/app_name"
72-->src\main\AndroidManifest.xml:66:13-45
73            android:theme="@android:style/Theme.Holo.Light.DarkActionBar" >
73-->src\main\AndroidManifest.xml:67:13-74
74        </activity>
75        <activity android:name="org.achartengine.GraphicalActivity" />
75-->src\main\AndroidManifest.xml:72:9-71
75-->src\main\AndroidManifest.xml:72:19-68
76    </application>
77
78</manifest>